<?xml version="1.0" encoding="UTF-8"?>
<!-- Generated by org.testng.reporters.JUnitReportReporter -->
<testsuite hostname="Hasna" failures="0" tests="5" name="testFile.LoginPageTest" time="52.021" errors="0" timestamp="2023-02-06T11:02:18 EST" skipped="0">
  <testcase classname="testFile.LoginPageTest" name="loginPageTiltleTest" time="9.135"/>
  <system-out/>
  <testcase classname="testFile.LoginPageTest" name="loginImageTest" time="9.352"/>
  <system-out/>
  <testcase classname="testFile.LoginPageTest" name="loginTest" time="11.470"/>
  <system-out/>
  <testcase classname="testFile.LoginPageTest" name="LoginWithWrongEmail" time="9.158"/>
  <system-out/>
  <testcase classname="testFile.LoginPageTest" name="verifyWomenTitle" time="12.906"/>
  <system-out/>
</testsuite> <!-- testFile.LoginPageTest -->
