<?xml version="1.0" encoding="UTF-8"?>
<!-- Generated by org.testng.reporters.JUnitReportReporter -->
<testsuite hostname="Hasna" failures="0" tests="3" name="testFile.WomenPageTest" time="43.333" errors="0" timestamp="2023-02-06T11:02:18 EST" skipped="0">
  <testcase classname="testFile.WomenPageTest" name="WomenPageTiltleTest" time="13.252"/>
  <system-out/>
  <testcase classname="testFile.WomenPageTest" name="WomenTestLabel" time="14.669"/>
  <system-out/>
  <testcase classname="testFile.WomenPageTest" name="JordanLogoTest" time="15.412"/>
  <system-out/>
</testsuite> <!-- testFile.WomenPageTest -->
